<?xml version="1.0" encoding="UTF-8"?>
<testsuite name="WordPuzzleTest" tests="3" skipped="0" failures="0" errors="0" timestamp="2016-01-08T19:12:19" hostname="epicodus-115.local" time="0.002">
  <properties/>
  <testcase name="puzzle_ReplaceVowelsInSentenceHowAreYou_Hwry" classname="WordPuzzleTest" time="0.001"/>
  <testcase name="puzzle_ReplaceVowelsWithoutCaseSensitivityInSentenceHOwArEYOU_Hwry" classname="WordPuzzleTest" time="0.0"/>
  <testcase name="puzzle_ReplaceVowel_A_InWordCat_Ct" classname="WordPuzzleTest" time="0.001"/>
  <system-out><![CDATA[]]></system-out>
  <system-err><![CDATA[]]></system-err>
</testsuite>
